Java HotSpot(TM) 64-Bit Server VM (25.231-b11) for bsd-amd64 JRE (1.8.0_231-b11), built on Oct  5 2019 03:15:25 by "java_re" with gcc 4.2.1 (Based on Apple Inc. build 5658) (LLVM build 2336.11.00)
Memory: 4k page, physical 16777216k(1379760k free)

/proc/meminfo:

CommandLine flags: -XX:InitialHeapSize=536870912 -XX:MaxHeapSize=536870912 -XX:MaxNewSize=268435456 -XX:NewSize=268435456 -XX:+PrintGC -XX:+PrintGCDateStamps -XX:+PrintGCTimeStamps -XX:+UseCompressedClassPointers -XX:+UseCompressedOops -XX:+UseG1GC 
2020-10-27T20:35:57.825-0800: 0.281: [GC pause (G1 Evacuation Pause) (young) 322M->99M(512M), 0.0139451 secs]
2020-10-27T20:35:57.885-0800: 0.340: [GC pause (G1 Evacuation Pause) (young)-- 379M->197M(512M), 0.0117958 secs]
2020-10-27T20:35:57.911-0800: 0.367: [GC pause (G1 Humongous Allocation) (young) (initial-mark) 307M->226M(512M), 0.0051223 secs]
2020-10-27T20:35:57.917-0800: 0.372: [GC concurrent-root-region-scan-start]
2020-10-27T20:35:57.917-0800: 0.372: [GC concurrent-root-region-scan-end, 0.0001718 secs]
2020-10-27T20:35:57.917-0800: 0.372: [GC concurrent-mark-start]
2020-10-27T20:35:57.919-0800: 0.374: [GC concurrent-mark-end, 0.0018696 secs]
2020-10-27T20:35:57.919-0800: 0.375: [GC remark, 0.0009058 secs]
2020-10-27T20:35:57.920-0800: 0.376: [GC cleanup 238M->238M(512M), 0.0004872 secs]
2020-10-27T20:35:57.948-0800: 0.404: [GC pause (G1 Evacuation Pause) (young)-- 450M->385M(512M), 0.0016462 secs]
2020-10-27T20:35:57.959-0800: 0.415: [GC pause (G1 Evacuation Pause) (mixed)-- 459M->436M(512M), 0.0012410 secs]
2020-10-27T20:35:57.965-0800: 0.421: [GC pause (G1 Humongous Allocation) (mixed)-- 463M->452M(512M), 0.0011357 secs]
2020-10-27T20:35:57.967-0800: 0.423: [GC pause (G1 Humongous Allocation) (young) (initial-mark) 460M->454M(512M), 0.0009362 secs]
2020-10-27T20:35:57.968-0800: 0.424: [GC concurrent-root-region-scan-start]
2020-10-27T20:35:57.968-0800: 0.424: [GC concurrent-root-region-scan-end, 0.0001027 secs]
2020-10-27T20:35:57.968-0800: 0.424: [GC concurrent-mark-start]
2020-10-27T20:35:57.969-0800: 0.425: [GC pause (G1 Humongous Allocation) (young)-- 463M->462M(512M), 0.0008889 secs]
2020-10-27T20:35:57.970-0800: 0.426: [GC pause (G1 Humongous Allocation) (young)-- 464M->464M(512M), 0.0007892 secs]
2020-10-27T20:35:57.971-0800: 0.427: [Full GC (Allocation Failure)  464M->232M(512M), 0.0233350 secs]
2020-10-27T20:35:57.995-0800: 0.450: [GC concurrent-mark-abort]
2020-10-27T20:35:57.995-0800: 0.451: [GC pause (G1 Humongous Allocation) (young) (initial-mark) 233M->233M(512M), 0.0007489 secs]
2020-10-27T20:35:57.996-0800: 0.451: [GC concurrent-root-region-scan-start]
2020-10-27T20:35:57.996-0800: 0.452: [GC concurrent-root-region-scan-end, 0.0000801 secs]
2020-10-27T20:35:57.996-0800: 0.452: [GC concurrent-mark-start]
2020-10-27T20:35:57.997-0800: 0.453: [GC concurrent-mark-end, 0.0010522 secs]
2020-10-27T20:35:57.997-0800: 0.453: [GC remark, 0.0009837 secs]
2020-10-27T20:35:57.998-0800: 0.454: [GC cleanup 242M->242M(512M), 0.0004848 secs]
2020-10-27T20:35:58.019-0800: 0.475: [GC pause (G1 Evacuation Pause) (young)-- 418M->376M(512M), 0.0016772 secs]
2020-10-27T20:35:58.021-0800: 0.477: [GC pause (G1 Humongous Allocation) (young) (initial-mark) 377M->377M(512M), 0.0005988 secs]
2020-10-27T20:35:58.021-0800: 0.477: [GC concurrent-root-region-scan-start]
2020-10-27T20:35:58.021-0800: 0.477: [GC concurrent-root-region-scan-end, 0.0000463 secs]
2020-10-27T20:35:58.021-0800: 0.477: [GC concurrent-mark-start]
2020-10-27T20:35:58.023-0800: 0.479: [GC concurrent-mark-end, 0.0014221 secs]
2020-10-27T20:35:58.023-0800: 0.479: [GC remark, 0.0010268 secs]
2020-10-27T20:35:58.024-0800: 0.480: [GC cleanup 387M->387M(512M), 0.0005470 secs]
2020-10-27T20:35:58.030-0800: 0.486: [GC pause (G1 Evacuation Pause) (young)-- 432M->416M(512M), 0.0011794 secs]
2020-10-27T20:35:58.033-0800: 0.489: [GC pause (G1 Humongous Allocation) (mixed)-- 433M->428M(512M), 0.0013103 secs]
2020-10-27T20:35:58.036-0800: 0.491: [GC pause (G1 Evacuation Pause) (mixed)-- 435M->431M(512M), 0.0009282 secs]
2020-10-27T20:35:58.037-0800: 0.493: [GC pause (G1 Evacuation Pause) (mixed)-- 436M->434M(512M), 0.0009331 secs]
2020-10-27T20:35:58.039-0800: 0.495: [GC pause (G1 Evacuation Pause) (mixed)-- 437M->436M(512M), 0.0014610 secs]
2020-10-27T20:35:58.041-0800: 0.496: [GC pause (G1 Evacuation Pause) (young)-- 437M->436M(512M), 0.0006582 secs]
2020-10-27T20:35:58.042-0800: 0.497: [GC pause (G1 Evacuation Pause) (young) (initial-mark)-- 437M->437M(512M), 0.0006012 secs]
2020-10-27T20:35:58.042-0800: 0.498: [GC concurrent-root-region-scan-start]
2020-10-27T20:35:58.042-0800: 0.498: [GC concurrent-root-region-scan-end, 0.0000045 secs]
2020-10-27T20:35:58.042-0800: 0.498: [GC concurrent-mark-start]
2020-10-27T20:35:58.042-0800: 0.498: [Full GC (Allocation Failure)  437M->261M(512M), 0.0245485 secs]
2020-10-27T20:35:58.067-0800: 0.523: [GC concurrent-mark-abort]
2020-10-27T20:35:58.067-0800: 0.523: [GC pause (G1 Humongous Allocation) (young) (initial-mark) 264M->261M(512M), 0.0004794 secs]
2020-10-27T20:35:58.068-0800: 0.523: [GC concurrent-root-region-scan-start]
2020-10-27T20:35:58.068-0800: 0.523: [GC concurrent-root-region-scan-end, 0.0000711 secs]
2020-10-27T20:35:58.068-0800: 0.523: [GC concurrent-mark-start]
2020-10-27T20:35:58.069-0800: 0.525: [GC concurrent-mark-end, 0.0010604 secs]
2020-10-27T20:35:58.069-0800: 0.525: [GC remark, 0.0014694 secs]
2020-10-27T20:35:58.070-0800: 0.526: [GC cleanup 271M->271M(512M), 0.0002939 secs]
2020-10-27T20:35:58.089-0800: 0.545: [GC pause (G1 Evacuation Pause) (young)-- 423M->377M(512M), 0.0016149 secs]
2020-10-27T20:35:58.091-0800: 0.547: [GC pause (G1 Humongous Allocation) (young) (initial-mark) 382M->378M(512M), 0.0010103 secs]
2020-10-27T20:35:58.092-0800: 0.548: [GC concurrent-root-region-scan-start]
2020-10-27T20:35:58.093-0800: 0.548: [GC concurrent-root-region-scan-end, 0.0001035 secs]
2020-10-27T20:35:58.093-0800: 0.548: [GC concurrent-mark-start]
2020-10-27T20:35:58.094-0800: 0.550: [GC concurrent-mark-end, 0.0014752 secs]
2020-10-27T20:35:58.094-0800: 0.550: [GC remark, 0.0010512 secs]
2020-10-27T20:35:58.095-0800: 0.551: [GC cleanup 394M->393M(512M), 0.0005039 secs]
2020-10-27T20:35:58.096-0800: 0.552: [GC concurrent-cleanup-start]
2020-10-27T20:35:58.096-0800: 0.552: [GC concurrent-cleanup-end, 0.0000059 secs]
2020-10-27T20:35:58.101-0800: 0.557: [GC pause (G1 Humongous Allocation) (young)-- 433M->422M(512M), 0.0011390 secs]
2020-10-27T20:35:58.104-0800: 0.560: [GC pause (G1 Humongous Allocation) (mixed)-- 435M->426M(512M), 0.0011597 secs]
2020-10-27T20:35:58.106-0800: 0.562: [GC pause (G1 Humongous Allocation) (mixed)-- 435M->427M(512M), 0.0014508 secs]
2020-10-27T20:35:58.108-0800: 0.564: [GC pause (G1 Evacuation Pause) (mixed)-- 435M->433M(512M), 0.0009426 secs]
2020-10-27T20:35:58.110-0800: 0.566: [GC pause (G1 Evacuation Pause) (young)-- 436M->435M(512M), 0.0006577 secs]
2020-10-27T20:35:58.111-0800: 0.566: [GC pause (G1 Humongous Allocation) (young) (initial-mark) 436M->435M(512M), 0.0006193 secs]
2020-10-27T20:35:58.111-0800: 0.567: [GC concurrent-root-region-scan-start]
2020-10-27T20:35:58.111-0800: 0.567: [GC concurrent-root-region-scan-end, 0.0000041 secs]
2020-10-27T20:35:58.111-0800: 0.567: [GC concurrent-mark-start]
2020-10-27T20:35:58.111-0800: 0.567: [GC pause (G1 Evacuation Pause) (young) 436M->435M(512M), 0.0006775 secs]
2020-10-27T20:35:58.112-0800: 0.568: [GC pause (G1 Evacuation Pause) (young) 436M->435M(512M), 0.0009812 secs]
2020-10-27T20:35:58.114-0800: 0.569: [GC pause (G1 Evacuation Pause) (young)-- 436M->436M(512M), 0.0006629 secs]
2020-10-27T20:35:58.114-0800: 0.570: [Full GC (Allocation Failure)  436M->284M(512M), 0.0252545 secs]
2020-10-27T20:35:58.140-0800: 0.596: [GC concurrent-mark-abort]
2020-10-27T20:35:58.140-0800: 0.596: [GC pause (G1 Humongous Allocation) (young) (initial-mark) 284M->284M(512M), 0.0008904 secs]
2020-10-27T20:35:58.141-0800: 0.597: [GC concurrent-root-region-scan-start]
2020-10-27T20:35:58.141-0800: 0.597: [GC concurrent-root-region-scan-end, 0.0000182 secs]
2020-10-27T20:35:58.141-0800: 0.597: [GC concurrent-mark-start]
2020-10-27T20:35:58.142-0800: 0.598: [GC concurrent-mark-end, 0.0010736 secs]
2020-10-27T20:35:58.142-0800: 0.598: [GC remark, 0.0010787 secs]
2020-10-27T20:35:58.143-0800: 0.599: [GC cleanup 294M->294M(512M), 0.0004665 secs]
2020-10-27T20:35:58.157-0800: 0.613: [GC pause (G1 Humongous Allocation) (young)-- 412M->379M(512M), 0.0015817 secs]
2020-10-27T20:35:58.159-0800: 0.615: [GC pause (G1 Humongous Allocation) (young) (initial-mark) 382M->380M(512M), 0.0006523 secs]
2020-10-27T20:35:58.160-0800: 0.616: [GC concurrent-root-region-scan-start]
2020-10-27T20:35:58.160-0800: 0.616: [GC concurrent-root-region-scan-end, 0.0000933 secs]
2020-10-27T20:35:58.160-0800: 0.616: [GC concurrent-mark-start]
2020-10-27T20:35:58.162-0800: 0.617: [GC concurrent-mark-end, 0.0013259 secs]
2020-10-27T20:35:58.162-0800: 0.617: [GC remark, 0.0012379 secs]
2020-10-27T20:35:58.163-0800: 0.619: [GC cleanup 393M->393M(512M), 0.0004850 secs]
2020-10-27T20:35:58.167-0800: 0.623: [GC pause (G1 Evacuation Pause) (young)-- 421M->410M(512M), 0.0013462 secs]
2020-10-27T20:35:58.170-0800: 0.626: [GC pause (G1 Evacuation Pause) (mixed)-- 423M->416M(512M), 0.0013848 secs]
2020-10-27T20:35:58.173-0800: 0.629: [GC pause (G1 Evacuation Pause) (mixed)-- 426M->423M(512M), 0.0011586 secs]
2020-10-27T20:35:58.175-0800: 0.630: [GC pause (G1 Humongous Allocation) (mixed)-- 427M->426M(512M), 0.0010773 secs]
2020-10-27T20:35:58.176-0800: 0.631: [GC pause (G1 Evacuation Pause) (young) (initial-mark) 427M->426M(512M), 0.0006748 secs]
2020-10-27T20:35:58.176-0800: 0.632: [GC concurrent-root-region-scan-start]
2020-10-27T20:35:58.176-0800: 0.632: [GC concurrent-root-region-scan-end, 0.0000043 secs]
2020-10-27T20:35:58.176-0800: 0.632: [GC concurrent-mark-start]
2020-10-27T20:35:58.177-0800: 0.632: [GC pause (G1 Humongous Allocation) (young) 427M->426M(512M), 0.0006626 secs]
2020-10-27T20:35:58.178-0800: 0.633: [GC pause (G1 Evacuation Pause) (young) 427M->427M(512M), 0.0006632 secs]
2020-10-27T20:35:58.178-0800: 0.634: [GC pause (G1 Evacuation Pause) (young) 427M->427M(512M), 0.0006374 secs]
2020-10-27T20:35:58.179-0800: 0.635: [Full GC (Allocation Failure)  427M->296M(512M), 0.0253856 secs]
2020-10-27T20:35:58.205-0800: 0.660: [GC concurrent-mark-abort]
2020-10-27T20:35:58.205-0800: 0.661: [GC pause (G1 Humongous Allocation) (young) (initial-mark) 297M->296M(512M), 0.0008485 secs]
2020-10-27T20:35:58.206-0800: 0.662: [GC concurrent-root-region-scan-start]
2020-10-27T20:35:58.206-0800: 0.662: [GC concurrent-root-region-scan-end, 0.0000450 secs]
2020-10-27T20:35:58.206-0800: 0.662: [GC concurrent-mark-start]
2020-10-27T20:35:58.207-0800: 0.663: [GC concurrent-mark-end, 0.0011335 secs]
2020-10-27T20:35:58.207-0800: 0.663: [GC remark, 0.0018029 secs]
2020-10-27T20:35:58.209-0800: 0.665: [GC cleanup 306M->306M(512M), 0.0004947 secs]
2020-10-27T20:35:58.222-0800: 0.678: [GC pause (G1 Evacuation Pause) (young)-- 410M->376M(512M), 0.0014622 secs]
2020-10-27T20:35:58.224-0800: 0.680: [GC pause (G1 Humongous Allocation) (young) (initial-mark) 378M->377M(512M), 0.0007705 secs]
2020-10-27T20:35:58.225-0800: 0.681: [GC concurrent-root-region-scan-start]
2020-10-27T20:35:58.225-0800: 0.681: [GC concurrent-root-region-scan-end, 0.0001185 secs]
2020-10-27T20:35:58.225-0800: 0.681: [GC concurrent-mark-start]
2020-10-27T20:35:58.227-0800: 0.682: [GC concurrent-mark-end, 0.0013873 secs]
2020-10-27T20:35:58.227-0800: 0.682: [GC remark, 0.0011395 secs]
2020-10-27T20:35:58.228-0800: 0.684: [GC cleanup 392M->391M(512M), 0.0004626 secs]
2020-10-27T20:35:58.228-0800: 0.684: [GC concurrent-cleanup-start]
2020-10-27T20:35:58.228-0800: 0.684: [GC concurrent-cleanup-end, 0.0000060 secs]
2020-10-27T20:35:58.233-0800: 0.689: [GC pause (G1 Humongous Allocation) (young)-- 418M->407M(512M), 0.0028370 secs]
2020-10-27T20:35:58.238-0800: 0.693: [GC pause (G1 Humongous Allocation) (mixed)-- 421M->415M(512M), 0.0018888 secs]
2020-10-27T20:35:58.240-0800: 0.696: [GC pause (G1 Evacuation Pause) (mixed)-- 420M->418M(512M), 0.0016338 secs]
2020-10-27T20:35:58.242-0800: 0.698: [GC pause (G1 Evacuation Pause) (mixed)-- 422M->422M(512M), 0.0006917 secs]
2020-10-27T20:35:58.243-0800: 0.699: [Full GC (Allocation Failure)  422M->306M(512M), 0.0260931 secs]
2020-10-27T20:35:58.270-0800: 0.726: [GC pause (G1 Humongous Allocation) (young) (initial-mark) 309M->308M(512M), 0.0008474 secs]
2020-10-27T20:35:58.271-0800: 0.726: [GC concurrent-root-region-scan-start]
2020-10-27T20:35:58.271-0800: 0.727: [GC concurrent-root-region-scan-end, 0.0001052 secs]
2020-10-27T20:35:58.271-0800: 0.727: [GC concurrent-mark-start]
2020-10-27T20:35:58.272-0800: 0.728: [GC concurrent-mark-end, 0.0011717 secs]
2020-10-27T20:35:58.272-0800: 0.728: [GC remark, 0.0012376 secs]
2020-10-27T20:35:58.274-0800: 0.729: [GC cleanup 320M->320M(512M), 0.0004552 secs]
2020-10-27T20:35:58.284-0800: 0.740: [GC pause (G1 Humongous Allocation) (young)-- 406M->379M(512M), 0.0018479 secs]
2020-10-27T20:35:58.286-0800: 0.742: [GC pause (G1 Humongous Allocation) (young) (initial-mark) 380M->379M(512M), 0.0006916 secs]
2020-10-27T20:35:58.287-0800: 0.743: [GC concurrent-root-region-scan-start]
2020-10-27T20:35:58.287-0800: 0.743: [GC concurrent-root-region-scan-end, 0.0000041 secs]
2020-10-27T20:35:58.287-0800: 0.743: [GC concurrent-mark-start]
2020-10-27T20:35:58.288-0800: 0.744: [GC concurrent-mark-end, 0.0014027 secs]
2020-10-27T20:35:58.288-0800: 0.744: [GC remark, 0.0013584 secs]
2020-10-27T20:35:58.290-0800: 0.746: [GC cleanup 392M->392M(512M), 0.0004665 secs]
2020-10-27T20:35:58.293-0800: 0.749: [GC pause (G1 Evacuation Pause) (young)-- 414M->407M(512M), 0.0015843 secs]
2020-10-27T20:35:58.295-0800: 0.751: [GC pause (G1 Evacuation Pause) (mixed)-- 416M->414M(512M), 0.0009087 secs]
2020-10-27T20:35:58.297-0800: 0.753: [GC pause (G1 Evacuation Pause) (mixed)-- 417M->417M(512M), 0.0008511 secs]
2020-10-27T20:35:58.298-0800: 0.754: [Full GC (Allocation Failure)  417M->324M(512M), 0.0262641 secs]
2020-10-27T20:35:58.324-0800: 0.780: [GC pause (G1 Humongous Allocation) (young) (initial-mark) 325M->325M(512M), 0.0009257 secs]
2020-10-27T20:35:58.325-0800: 0.781: [GC concurrent-root-region-scan-start]
2020-10-27T20:35:58.325-0800: 0.781: [GC concurrent-root-region-scan-end, 0.0000855 secs]
2020-10-27T20:35:58.325-0800: 0.781: [GC concurrent-mark-start]
2020-10-27T20:35:58.327-0800: 0.782: [GC concurrent-mark-end, 0.0011111 secs]
2020-10-27T20:35:58.327-0800: 0.782: [GC remark, 0.0011186 secs]
2020-10-27T20:35:58.328-0800: 0.784: [GC cleanup 335M->335M(512M), 0.0004842 secs]
2020-10-27T20:35:58.337-0800: 0.792: [GC pause (G1 Humongous Allocation) (young)-- 405M->387M(512M), 0.0015738 secs]
2020-10-27T20:35:58.338-0800: 0.794: [GC pause (G1 Humongous Allocation) (young) (initial-mark) 388M->387M(512M), 0.0008927 secs]
2020-10-27T20:35:58.339-0800: 0.795: [GC concurrent-root-region-scan-start]
2020-10-27T20:35:58.339-0800: 0.795: [GC concurrent-root-region-scan-end, 0.0000459 secs]
2020-10-27T20:35:58.339-0800: 0.795: [GC concurrent-mark-start]
2020-10-27T20:35:58.341-0800: 0.797: [GC concurrent-mark-end, 0.0014662 secs]
2020-10-27T20:35:58.341-0800: 0.797: [GC remark, 0.0012651 secs]
2020-10-27T20:35:58.342-0800: 0.798: [GC cleanup 401M->401M(512M), 0.0005632 secs]
2020-10-27T20:35:58.344-0800: 0.800: [GC pause (G1 Evacuation Pause) (young)-- 407M->401M(512M), 0.0014395 secs]
2020-10-27T20:35:58.346-0800: 0.802: [GC pause (G1 Evacuation Pause) (mixed)-- 409M->406M(512M), 0.0010862 secs]
2020-10-27T20:35:58.348-0800: 0.804: [GC pause (G1 Evacuation Pause) (mixed)-- 411M->411M(512M), 0.0007681 secs]
2020-10-27T20:35:58.349-0800: 0.805: [GC pause (G1 Evacuation Pause) (young)-- 412M->412M(512M), 0.0006053 secs]
2020-10-27T20:35:58.350-0800: 0.806: [Full GC (Allocation Failure)  412M->329M(512M), 0.0270855 secs]
2020-10-27T20:35:58.378-0800: 0.834: [GC pause (G1 Humongous Allocation) (young) (initial-mark) 339M->332M(512M), 0.0010214 secs]
2020-10-27T20:35:58.379-0800: 0.835: [GC concurrent-root-region-scan-start]
2020-10-27T20:35:58.379-0800: 0.835: [GC concurrent-root-region-scan-end, 0.0001038 secs]
2020-10-27T20:35:58.379-0800: 0.835: [GC concurrent-mark-start]
2020-10-27T20:35:58.381-0800: 0.837: [GC concurrent-mark-end, 0.0014045 secs]
2020-10-27T20:35:58.381-0800: 0.837: [GC remark, 0.0012228 secs]
2020-10-27T20:35:58.382-0800: 0.838: [GC cleanup 346M->346M(512M), 0.0003982 secs]
2020-10-27T20:35:58.389-0800: 0.845: [GC pause (G1 Humongous Allocation) (young)-- 402M->387M(512M), 0.0019461 secs]
2020-10-27T20:35:58.392-0800: 0.848: [GC pause (G1 Humongous Allocation) (young) (initial-mark) 394M->387M(512M), 0.0008650 secs]
2020-10-27T20:35:58.393-0800: 0.849: [GC concurrent-root-region-scan-start]
2020-10-27T20:35:58.393-0800: 0.849: [GC concurrent-root-region-scan-end, 0.0001078 secs]
2020-10-27T20:35:58.393-0800: 0.849: [GC concurrent-mark-start]
2020-10-27T20:35:58.394-0800: 0.850: [GC concurrent-mark-end, 0.0013005 secs]
2020-10-27T20:35:58.395-0800: 0.850: [GC remark, 0.0010926 secs]
2020-10-27T20:35:58.396-0800: 0.852: [GC cleanup 398M->398M(512M), 0.0005469 secs]
2020-10-27T20:35:58.398-0800: 0.854: [GC pause (G1 Evacuation Pause) (young)-- 410M->402M(512M), 0.0015755 secs]
2020-10-27T20:35:58.401-0800: 0.857: [GC pause (G1 Evacuation Pause) (mixed)-- 412M->409M(512M), 0.0011400 secs]
2020-10-27T20:35:58.403-0800: 0.858: [GC pause (G1 Humongous Allocation) (mixed)-- 413M->413M(512M), 0.0007350 secs]
2020-10-27T20:35:58.404-0800: 0.859: [GC pause (G1 Evacuation Pause) (young) (initial-mark) 413M->413M(512M), 0.0007191 secs]
2020-10-27T20:35:58.404-0800: 0.860: [GC concurrent-root-region-scan-start]
2020-10-27T20:35:58.404-0800: 0.860: [GC concurrent-root-region-scan-end, 0.0000043 secs]
2020-10-27T20:35:58.404-0800: 0.860: [GC concurrent-mark-start]
2020-10-27T20:35:58.404-0800: 0.860: [GC pause (G1 Evacuation Pause) (young) 413M->413M(512M), 0.0006968 secs]
2020-10-27T20:35:58.405-0800: 0.861: [Full GC (Allocation Failure)  413M->335M(512M), 0.0275911 secs]
2020-10-27T20:35:58.433-0800: 0.889: [GC concurrent-mark-abort]
2020-10-27T20:35:58.434-0800: 0.889: [GC pause (G1 Humongous Allocation) (young) (initial-mark) 340M->337M(512M), 0.0008002 secs]
2020-10-27T20:35:58.434-0800: 0.890: [GC concurrent-root-region-scan-start]
2020-10-27T20:35:58.435-0800: 0.890: [GC concurrent-root-region-scan-end, 0.0000933 secs]
2020-10-27T20:35:58.435-0800: 0.890: [GC concurrent-mark-start]
2020-10-27T20:35:58.436-0800: 0.891: [GC concurrent-mark-end, 0.0011956 secs]
2020-10-27T20:35:58.436-0800: 0.892: [GC remark, 0.0011481 secs]
2020-10-27T20:35:58.437-0800: 0.893: [GC cleanup 350M->350M(512M), 0.0004441 secs]
2020-10-27T20:35:58.446-0800: 0.902: [GC pause (G1 Humongous Allocation) (young)-- 411M->392M(512M), 0.0019480 secs]
2020-10-27T20:35:58.448-0800: 0.904: [GC pause (G1 Humongous Allocation) (young) (initial-mark) 393M->392M(512M), 0.0006039 secs]
2020-10-27T20:35:58.449-0800: 0.905: [GC concurrent-root-region-scan-start]
2020-10-27T20:35:58.449-0800: 0.905: [GC concurrent-root-region-scan-end, 0.0000041 secs]
2020-10-27T20:35:58.449-0800: 0.905: [GC concurrent-mark-start]
2020-10-27T20:35:58.450-0800: 0.906: [GC concurrent-mark-end, 0.0013263 secs]
2020-10-27T20:35:58.451-0800: 0.906: [GC remark, 0.0012073 secs]
2020-10-27T20:35:58.452-0800: 0.908: [GC cleanup 403M->403M(512M), 0.0004422 secs]
2020-10-27T20:35:58.454-0800: 0.910: [GC pause (G1 Evacuation Pause) (young)-- 415M->409M(512M), 0.0010550 secs]
2020-10-27T20:35:58.456-0800: 0.912: [GC pause (G1 Humongous Allocation) (mixed)-- 416M->414M(512M), 0.0013276 secs]
2020-10-27T20:35:58.457-0800: 0.913: [GC pause (G1 Humongous Allocation) (mixed)-- 416M->414M(512M), 0.0008204 secs]
2020-10-27T20:35:58.459-0800: 0.914: [GC pause (G1 Evacuation Pause) (young) (initial-mark)-- 417M->417M(512M), 0.0008067 secs]
2020-10-27T20:35:58.460-0800: 0.915: [GC concurrent-root-region-scan-start]
2020-10-27T20:35:58.460-0800: 0.915: [GC concurrent-root-region-scan-end, 0.0000043 secs]
2020-10-27T20:35:58.460-0800: 0.915: [GC concurrent-mark-start]
2020-10-27T20:35:58.460-0800: 0.915: [GC pause (G1 Evacuation Pause) (young)-- 418M->418M(512M), 0.0005929 secs]
2020-10-27T20:35:58.460-0800: 0.916: [Full GC (Allocation Failure)  418M->340M(512M), 0.0265304 secs]
2020-10-27T20:35:58.487-0800: 0.943: [GC concurrent-mark-abort]
2020-10-27T20:35:58.487-0800: 0.943: [GC pause (G1 Humongous Allocation) (young) (initial-mark) 342M->341M(512M), 0.0008908 secs]
2020-10-27T20:35:58.488-0800: 0.944: [GC concurrent-root-region-scan-start]
2020-10-27T20:35:58.488-0800: 0.944: [GC concurrent-root-region-scan-end, 0.0000812 secs]
2020-10-27T20:35:58.488-0800: 0.944: [GC concurrent-mark-start]
2020-10-27T20:35:58.489-0800: 0.945: [GC concurrent-mark-end, 0.0011812 secs]
2020-10-27T20:35:58.490-0800: 0.945: [GC remark, 0.0015128 secs]
2020-10-27T20:35:58.491-0800: 0.947: [GC cleanup 351M->351M(512M), 0.0004879 secs]
2020-10-27T20:35:58.498-0800: 0.954: [GC pause (G1 Evacuation Pause) (young)-- 403M->385M(512M), 0.0018733 secs]
2020-10-27T20:35:58.500-0800: 0.956: [GC pause (G1 Humongous Allocation) (young) (initial-mark) 388M->386M(512M), 0.0007680 secs]
2020-10-27T20:35:58.501-0800: 0.957: [GC concurrent-root-region-scan-start]
2020-10-27T20:35:58.501-0800: 0.957: [GC concurrent-root-region-scan-end, 0.0000779 secs]
2020-10-27T20:35:58.501-0800: 0.957: [GC concurrent-mark-start]
2020-10-27T20:35:58.503-0800: 0.958: [GC concurrent-mark-end, 0.0012893 secs]
2020-10-27T20:35:58.503-0800: 0.959: [GC remark, 0.0011867 secs]
2020-10-27T20:35:58.504-0800: 0.960: [GC cleanup 398M->398M(512M), 0.0004468 secs]
2020-10-27T20:35:58.506-0800: 0.962: [GC pause (G1 Evacuation Pause) (young)-- 407M->398M(512M), 0.0012927 secs]
2020-10-27T20:35:58.509-0800: 0.964: [GC pause (G1 Humongous Allocation) (mixed)-- 408M->405M(512M), 0.0012354 secs]
2020-10-27T20:35:58.511-0800: 0.966: [GC pause (G1 Evacuation Pause) (mixed)-- 410M->409M(512M), 0.0007913 secs]
2020-10-27T20:35:58.511-0800: 0.967: [GC pause (G1 Humongous Allocation) (young) (initial-mark) 409M->409M(512M), 0.0006628 secs]
2020-10-27T20:35:58.512-0800: 0.968: [GC concurrent-root-region-scan-start]
2020-10-27T20:35:58.512-0800: 0.968: [GC concurrent-root-region-scan-end, 0.0000110 secs]
2020-10-27T20:35:58.512-0800: 0.968: [GC concurrent-mark-start]
2020-10-27T20:35:58.512-0800: 0.968: [GC pause (G1 Evacuation Pause) (young)-- 410M->410M(512M), 0.0013200 secs]
2020-10-27T20:35:58.514-0800: 0.969: [GC pause (G1 Evacuation Pause) (young) 410M->410M(512M), 0.0007515 secs]
2020-10-27T20:35:58.515-0800: 0.970: [Full GC (Allocation Failure)  410M->339M(512M), 0.0283793 secs]
2020-10-27T20:35:58.543-0800: 0.999: [GC concurrent-mark-abort]
2020-10-27T20:35:58.543-0800: 0.999: [GC pause (G1 Humongous Allocation) (young) (initial-mark) 340M->339M(512M), 0.0007428 secs]
2020-10-27T20:35:58.544-0800: 1.000: [GC concurrent-root-region-scan-start]
2020-10-27T20:35:58.544-0800: 1.000: [GC concurrent-root-region-scan-end, 0.0000513 secs]
2020-10-27T20:35:58.544-0800: 1.000: [GC concurrent-mark-start]
2020-10-27T20:35:58.545-0800: 1.001: [GC concurrent-mark-end, 0.0012115 secs]
2020-10-27T20:35:58.545-0800: 1.001: [GC remark, 0.0012553 secs]
2020-10-27T20:35:58.547-0800: 1.002: [GC cleanup 351M->351M(512M), 0.0004184 secs]
2020-10-27T20:35:58.554-0800: 1.010: [GC pause (G1 Humongous Allocation) (young)-- 407M->388M(512M), 0.0025029 secs]
2020-10-27T20:35:58.557-0800: 1.013: [GC pause (G1 Humongous Allocation) (young) (initial-mark) 392M->390M(512M), 0.0007634 secs]
2020-10-27T20:35:58.558-0800: 1.013: [GC concurrent-root-region-scan-start]
2020-10-27T20:35:58.558-0800: 1.014: [GC concurrent-root-region-scan-end, 0.0000846 secs]
2020-10-27T20:35:58.558-0800: 1.014: [GC concurrent-mark-start]
2020-10-27T20:35:58.559-0800: 1.015: [GC concurrent-mark-end, 0.0013489 secs]
2020-10-27T20:35:58.559-0800: 1.015: [GC remark, 0.0011880 secs]
2020-10-27T20:35:58.561-0800: 1.016: [GC cleanup 401M->401M(512M), 0.0006017 secs]
2020-10-27T20:35:58.564-0800: 1.020: [GC pause (G1 Evacuation Pause) (young)-- 411M->406M(512M), 0.0012834 secs]
2020-10-27T20:35:58.566-0800: 1.022: [GC pause (G1 Evacuation Pause) (mixed)-- 412M->410M(512M), 0.0008923 secs]
2020-10-27T20:35:58.568-0800: 1.023: [GC pause (G1 Evacuation Pause) (mixed)-- 413M->413M(512M), 0.0004319 secs]
2020-10-27T20:35:58.568-0800: 1.024: [Full GC (Allocation Failure)  413M->344M(512M), 0.0282046 secs]
2020-10-27T20:35:58.597-0800: 1.053: [GC pause (G1 Humongous Allocation) (young) (initial-mark) 348M->344M(512M), 0.0008091 secs]
2020-10-27T20:35:58.598-0800: 1.054: [GC concurrent-root-region-scan-start]
2020-10-27T20:35:58.598-0800: 1.054: [GC concurrent-root-region-scan-end, 0.0000986 secs]
2020-10-27T20:35:58.598-0800: 1.054: [GC concurrent-mark-start]
2020-10-27T20:35:58.599-0800: 1.055: [GC concurrent-mark-end, 0.0012175 secs]
2020-10-27T20:35:58.599-0800: 1.055: [GC remark, 0.0012232 secs]
2020-10-27T20:35:58.601-0800: 1.056: [GC cleanup 356M->356M(512M), 0.0004427 secs]
2020-10-27T20:35:58.608-0800: 1.064: [GC pause (G1 Evacuation Pause) (young)-- 409M->393M(512M), 0.0022292 secs]
2020-10-27T20:35:58.611-0800: 1.066: [GC pause (G1 Humongous Allocation) (young) (initial-mark) 396M->393M(512M), 0.0007356 secs]
2020-10-27T20:35:58.611-0800: 1.067: [GC concurrent-root-region-scan-start]
2020-10-27T20:35:58.611-0800: 1.067: [GC concurrent-root-region-scan-end, 0.0000864 secs]
2020-10-27T20:35:58.612-0800: 1.067: [GC concurrent-mark-start]
2020-10-27T20:35:58.613-0800: 1.069: [GC concurrent-mark-end, 0.0014996 secs]
2020-10-27T20:35:58.613-0800: 1.069: [GC remark, 0.0012381 secs]
2020-10-27T20:35:58.614-0800: 1.070: [GC cleanup 404M->404M(512M), 0.0005250 secs]
2020-10-27T20:35:58.616-0800: 1.072: [GC pause (G1 Evacuation Pause) (young)-- 413M->410M(512M), 0.0011480 secs]
2020-10-27T20:35:58.618-0800: 1.074: [GC pause (G1 Evacuation Pause) (mixed)-- 414M->413M(512M), 0.0010719 secs]
2020-10-27T20:35:58.619-0800: 1.075: [GC pause (G1 Evacuation Pause) (mixed)-- 415M->414M(512M), 0.0007356 secs]
2020-10-27T20:35:58.620-0800: 1.076: [GC pause (G1 Humongous Allocation) (young) (initial-mark)-- 414M->414M(512M), 0.0007380 secs]
2020-10-27T20:35:58.621-0800: 1.077: [GC concurrent-root-region-scan-start]
2020-10-27T20:35:58.621-0800: 1.077: [GC concurrent-root-region-scan-end, 0.0000057 secs]
2020-10-27T20:35:58.621-0800: 1.077: [GC concurrent-mark-start]
2020-10-27T20:35:58.621-0800: 1.077: [GC pause (G1 Humongous Allocation) (young) 414M->414M(512M), 0.0004786 secs]
2020-10-27T20:35:58.621-0800: 1.077: [Full GC (Allocation Failure)  414M->346M(512M), 0.0283950 secs]
2020-10-27T20:35:58.650-0800: 1.106: [GC concurrent-mark-abort]
2020-10-27T20:35:58.650-0800: 1.106: [GC pause (G1 Humongous Allocation) (young) (initial-mark) 347M->347M(512M), 0.0007270 secs]
2020-10-27T20:35:58.651-0800: 1.107: [GC concurrent-root-region-scan-start]
2020-10-27T20:35:58.651-0800: 1.107: [GC concurrent-root-region-scan-end, 0.0000110 secs]
2020-10-27T20:35:58.651-0800: 1.107: [GC concurrent-mark-start]
2020-10-27T20:35:58.652-0800: 1.108: [GC concurrent-mark-end, 0.0011613 secs]
2020-10-27T20:35:58.652-0800: 1.108: [GC remark, 0.0013054 secs]
2020-10-27T20:35:58.654-0800: 1.109: [GC cleanup 358M->358M(512M), 0.0004733 secs]
2020-10-27T20:35:58.659-0800: 1.115: [GC pause (G1 Humongous Allocation) (young)-- 402M->384M(512M), 0.0021151 secs]
2020-10-27T20:35:58.662-0800: 1.118: [GC pause (G1 Humongous Allocation) (young) (initial-mark) 386M->384M(512M), 0.0008090 secs]
2020-10-27T20:35:58.663-0800: 1.118: [GC concurrent-root-region-scan-start]
2020-10-27T20:35:58.663-0800: 1.118: [GC concurrent-root-region-scan-end, 0.0000754 secs]
2020-10-27T20:35:58.663-0800: 1.118: [GC concurrent-mark-start]
2020-10-27T20:35:58.664-0800: 1.120: [GC concurrent-mark-end, 0.0014609 secs]
2020-10-27T20:35:58.664-0800: 1.120: [GC remark, 0.0012636 secs]
2020-10-27T20:35:58.666-0800: 1.121: [GC cleanup 397M->397M(512M), 0.0004855 secs]
2020-10-27T20:35:58.667-0800: 1.123: [GC pause (G1 Humongous Allocation) (young)-- 404M->397M(512M), 0.0011573 secs]
2020-10-27T20:35:58.669-0800: 1.125: [GC pause (G1 Evacuation Pause) (mixed)-- 406M->405M(512M), 0.0010938 secs]
2020-10-27T20:35:58.671-0800: 1.127: [GC pause (G1 Humongous Allocation) (mixed)-- 406M->406M(512M), 0.0006420 secs]
2020-10-27T20:35:58.672-0800: 1.127: [Full GC (Allocation Failure)  406M->347M(512M), 0.0285004 secs]
